Fri 07 Jan 2022 01:59:02 AM CET: Initializing local Borg repository in /twio/backups/borg-nextcloud
Fri 07 Jan 2022 01:59:04 AM CET: Initializing local Borg repository in /twio/backups/borg-pico
Fri 07 Jan 2022 01:59:06 AM CET: Initializing local Borg repository in /twio/backups/borg-kanboard
Fri 07 Jan 2022 01:59:07 AM CET: Initializing local Borg repository in /twio/backups/borg-dokuwiki
Fri 07 Jan 2022 01:59:09 AM CET: Initializing local Borg repository in /twio/backups/borg-homer
Fri 07 Jan 2022 02:00:01 AM CET: === TWIO BACKUP SCRIPT STARTED ===
Fri 07 Jan 2022 02:00:02 AM CET: nextcloud - Creating /twio/backups/borg-nextcloud::2022-01-07T02:00:02-nextcloud
Fri 07 Jan 2022 02:00:03 AM CET: All Backups - Pruning d14 w4 m6 y* 
Fri 07 Jan 2022 02:00:04 AM CET: Total Backup Size 440K	/twio/backups
Fri 07 Jan 2022 02:00:04 AM CET: === TWIO BACKUP SCRIPT COMPLETE ===
Fri 07 Jan 2022 02:05:02 AM CET: === TWIO BACKUP SCRIPT STARTED ===
Fri 07 Jan 2022 02:05:02 AM CET: nextcloud - Creating /twio/backups/borg-nextcloud::2022-01-07T02:05:02-nextcloud
Fri 07 Jan 2022 02:05:03 AM CET: All Backups - Pruning d14 w4 m6 y* 
Fri 07 Jan 2022 02:05:05 AM CET: Total Backup Size 456K	/twio/backups
Fri 07 Jan 2022 02:05:05 AM CET: === TWIO BACKUP SCRIPT COMPLETE ===
Fri 07 Jan 2022 02:10:01 AM CET: === TWIO BACKUP SCRIPT STARTED ===
Fri 07 Jan 2022 02:10:01 AM CET: nextcloud - Creating /twio/backups/borg-nextcloud::2022-01-07T02:10:01-nextcloud
Fri 07 Jan 2022 02:10:03 AM CET: All Backups - Pruning d14 w4 m6 y* 
Fri 07 Jan 2022 02:10:05 AM CET: Total Backup Size 472K	/twio/backups
Fri 07 Jan 2022 02:10:05 AM CET: === TWIO BACKUP SCRIPT COMPLETE ===
Fri 07 Jan 2022 02:15:01 AM CET: === TWIO BACKUP SCRIPT STARTED ===
Fri 07 Jan 2022 02:15:01 AM CET: nextcloud - Creating /twio/backups/borg-nextcloud::2022-01-07T02:15:01-nextcloud
Fri 07 Jan 2022 02:15:02 AM CET: All Backups - Pruning d14 w4 m6 y* 
Fri 07 Jan 2022 02:15:04 AM CET: Total Backup Size 488K	/twio/backups
Fri 07 Jan 2022 02:15:04 AM CET: === TWIO BACKUP SCRIPT COMPLETE ===
Fri 07 Jan 2022 02:20:01 AM CET: === TWIO BACKUP SCRIPT STARTED ===
Fri 07 Jan 2022 02:20:01 AM CET: nextcloud - Creating /twio/backups/borg-nextcloud::2022-01-07T02:20:01-nextcloud
Fri 07 Jan 2022 02:20:03 AM CET: All Backups - Pruning d14 w4 m6 y* 
Fri 07 Jan 2022 02:20:04 AM CET: Total Backup Size 504K	/twio/backups
Fri 07 Jan 2022 02:20:04 AM CET: === TWIO BACKUP SCRIPT COMPLETE ===
Fri 07 Jan 2022 02:25:01 AM CET: === TWIO BACKUP SCRIPT STARTED ===
Fri 07 Jan 2022 02:25:02 AM CET: nextcloud - Creating /twio/backups/borg-nextcloud::2022-01-07T02:25:02-nextcloud
Fri 07 Jan 2022 02:25:03 AM CET: All Backups - Pruning d14 w4 m6 y* 
Fri 07 Jan 2022 02:25:05 AM CET: Total Backup Size 520K	/twio/backups
Fri 07 Jan 2022 02:25:05 AM CET: === TWIO BACKUP SCRIPT COMPLETE ===
Fri 07 Jan 2022 02:30:01 AM CET: === TWIO BACKUP SCRIPT STARTED ===
Fri 07 Jan 2022 02:30:01 AM CET: nextcloud - Creating /twio/backups/borg-nextcloud::2022-01-07T02:30:01-nextcloud
Fri 07 Jan 2022 02:30:02 AM CET: All Backups - Pruning d14 w4 m6 y* 
Fri 07 Jan 2022 02:30:04 AM CET: Total Backup Size 536K	/twio/backups
Fri 07 Jan 2022 02:30:04 AM CET: === TWIO BACKUP SCRIPT COMPLETE ===
Fri 07 Jan 2022 02:35:01 AM CET: === TWIO BACKUP SCRIPT STARTED ===
Fri 07 Jan 2022 02:35:02 AM CET: nextcloud - Creating /twio/backups/borg-nextcloud::2022-01-07T02:35:01-nextcloud
Fri 07 Jan 2022 02:35:03 AM CET: All Backups - Pruning d14 w4 m6 y* 
Fri 07 Jan 2022 02:35:04 AM CET: Total Backup Size 552K	/twio/backups
Fri 07 Jan 2022 02:35:04 AM CET: === TWIO BACKUP SCRIPT COMPLETE ===
Fri 07 Jan 2022 02:40:01 AM CET: === TWIO BACKUP SCRIPT STARTED ===
Fri 07 Jan 2022 02:40:02 AM CET: nextcloud - Creating /twio/backups/borg-nextcloud::2022-01-07T02:40:02-nextcloud
Fri 07 Jan 2022 02:40:03 AM CET: All Backups - Pruning d14 w4 m6 y* 
Fri 07 Jan 2022 02:40:05 AM CET: Total Backup Size 568K	/twio/backups
Fri 07 Jan 2022 02:40:05 AM CET: === TWIO BACKUP SCRIPT COMPLETE ===
Fri 07 Jan 2022 02:45:01 AM CET: === TWIO BACKUP SCRIPT STARTED ===
Fri 07 Jan 2022 02:45:01 AM CET: nextcloud - Creating /twio/backups/borg-nextcloud::2022-01-07T02:45:01-nextcloud
Fri 07 Jan 2022 02:45:02 AM CET: All Backups - Pruning d14 w4 m6 y* 
Fri 07 Jan 2022 02:45:04 AM CET: Total Backup Size 584K	/twio/backups
Fri 07 Jan 2022 02:45:04 AM CET: === TWIO BACKUP SCRIPT COMPLETE ===
Fri 07 Jan 2022 02:50:01 AM CET: === TWIO BACKUP SCRIPT STARTED ===
Fri 07 Jan 2022 02:50:01 AM CET: nextcloud - Creating /twio/backups/borg-nextcloud::2022-01-07T02:50:01-nextcloud
Fri 07 Jan 2022 02:50:03 AM CET: All Backups - Pruning d14 w4 m6 y* 
Fri 07 Jan 2022 02:50:04 AM CET: Total Backup Size 600K	/twio/backups
Fri 07 Jan 2022 02:50:04 AM CET: === TWIO BACKUP SCRIPT COMPLETE ===
Fri 07 Jan 2022 02:55:01 AM CET: === TWIO BACKUP SCRIPT STARTED ===
Fri 07 Jan 2022 02:55:02 AM CET: nextcloud - Creating /twio/backups/borg-nextcloud::2022-01-07T02:55:02-nextcloud
Fri 07 Jan 2022 02:55:03 AM CET: All Backups - Pruning d14 w4 m6 y* 
Fri 07 Jan 2022 02:55:05 AM CET: Total Backup Size 616K	/twio/backups
Fri 07 Jan 2022 02:55:05 AM CET: === TWIO BACKUP SCRIPT COMPLETE ===
Fri 07 Jan 2022 03:00:01 AM CET: === TWIO BACKUP SCRIPT STARTED ===
Fri 07 Jan 2022 03:00:01 AM CET: nextcloud - Creating /twio/backups/borg-nextcloud::2022-01-07T03:00:01-nextcloud
Fri 07 Jan 2022 03:00:02 AM CET: All Backups - Pruning d14 w4 m6 y* 
Fri 07 Jan 2022 03:00:04 AM CET: Total Backup Size 632K	/twio/backups
Fri 07 Jan 2022 03:00:04 AM CET: === TWIO BACKUP SCRIPT COMPLETE ===
Fri 07 Jan 2022 03:05:01 AM CET: === TWIO BACKUP SCRIPT STARTED ===
Fri 07 Jan 2022 03:05:02 AM CET: nextcloud - Creating /twio/backups/borg-nextcloud::2022-01-07T03:05:02-nextcloud
Fri 07 Jan 2022 03:05:03 AM CET: All Backups - Pruning d14 w4 m6 y* 
Fri 07 Jan 2022 03:05:05 AM CET: Total Backup Size 648K	/twio/backups
Fri 07 Jan 2022 03:05:05 AM CET: === TWIO BACKUP SCRIPT COMPLETE ===
Fri 07 Jan 2022 03:10:01 AM CET: === TWIO BACKUP SCRIPT STARTED ===
Fri 07 Jan 2022 03:10:01 AM CET: nextcloud - Creating /twio/backups/borg-nextcloud::2022-01-07T03:10:01-nextcloud
Fri 07 Jan 2022 03:10:02 AM CET: All Backups - Pruning d14 w4 m6 y* 
Fri 07 Jan 2022 03:10:04 AM CET: Total Backup Size 664K	/twio/backups
Fri 07 Jan 2022 03:10:04 AM CET: === TWIO BACKUP SCRIPT COMPLETE ===
Fri 07 Jan 2022 03:15:01 AM CET: === TWIO BACKUP SCRIPT STARTED ===
Fri 07 Jan 2022 03:15:01 AM CET: nextcloud - Creating /twio/backups/borg-nextcloud::2022-01-07T03:15:01-nextcloud
Fri 07 Jan 2022 03:15:02 AM CET: All Backups - Pruning d14 w4 m6 y* 
Fri 07 Jan 2022 03:15:04 AM CET: Total Backup Size 680K	/twio/backups
Fri 07 Jan 2022 03:15:04 AM CET: === TWIO BACKUP SCRIPT COMPLETE ===
Fri 07 Jan 2022 03:20:01 AM CET: === TWIO BACKUP SCRIPT STARTED ===
Fri 07 Jan 2022 03:20:02 AM CET: nextcloud - Creating /twio/backups/borg-nextcloud::2022-01-07T03:20:02-nextcloud
Fri 07 Jan 2022 03:20:03 AM CET: All Backups - Pruning d14 w4 m6 y* 
Fri 07 Jan 2022 03:20:05 AM CET: Total Backup Size 696K	/twio/backups
Fri 07 Jan 2022 03:20:05 AM CET: === TWIO BACKUP SCRIPT COMPLETE ===
Fri 07 Jan 2022 03:25:01 AM CET: === TWIO BACKUP SCRIPT STARTED ===
Fri 07 Jan 2022 03:25:01 AM CET: nextcloud - Creating /twio/backups/borg-nextcloud::2022-01-07T03:25:01-nextcloud
Fri 07 Jan 2022 03:25:02 AM CET: All Backups - Pruning d14 w4 m6 y* 
Fri 07 Jan 2022 03:25:04 AM CET: Total Backup Size 712K	/twio/backups
Fri 07 Jan 2022 03:25:04 AM CET: === TWIO BACKUP SCRIPT COMPLETE ===
Fri 07 Jan 2022 03:30:01 AM CET: === TWIO BACKUP SCRIPT STARTED ===
Fri 07 Jan 2022 03:30:01 AM CET: nextcloud - Creating /twio/backups/borg-nextcloud::2022-01-07T03:30:01-nextcloud
Fri 07 Jan 2022 03:30:03 AM CET: All Backups - Pruning d14 w4 m6 y* 
Fri 07 Jan 2022 03:30:05 AM CET: Total Backup Size 728K	/twio/backups
Fri 07 Jan 2022 03:30:05 AM CET: === TWIO BACKUP SCRIPT COMPLETE ===
Fri 07 Jan 2022 03:35:01 AM CET: === TWIO BACKUP SCRIPT STARTED ===
Fri 07 Jan 2022 03:35:01 AM CET: nextcloud - Creating /twio/backups/borg-nextcloud::2022-01-07T03:35:01-nextcloud
Fri 07 Jan 2022 03:35:02 AM CET: All Backups - Pruning d14 w4 m6 y* 
Fri 07 Jan 2022 03:35:04 AM CET: Total Backup Size 744K	/twio/backups
Fri 07 Jan 2022 03:35:04 AM CET: === TWIO BACKUP SCRIPT COMPLETE ===
Fri 07 Jan 2022 03:40:01 AM CET: === TWIO BACKUP SCRIPT STARTED ===
Fri 07 Jan 2022 03:40:01 AM CET: nextcloud - Creating /twio/backups/borg-nextcloud::2022-01-07T03:40:01-nextcloud
Fri 07 Jan 2022 03:40:02 AM CET: All Backups - Pruning d14 w4 m6 y* 
Fri 07 Jan 2022 03:40:04 AM CET: Total Backup Size 760K	/twio/backups
Fri 07 Jan 2022 03:40:04 AM CET: === TWIO BACKUP SCRIPT COMPLETE ===
Fri 07 Jan 2022 03:45:01 AM CET: === TWIO BACKUP SCRIPT STARTED ===
Fri 07 Jan 2022 03:45:02 AM CET: nextcloud - Creating /twio/backups/borg-nextcloud::2022-01-07T03:45:02-nextcloud
Fri 07 Jan 2022 03:45:03 AM CET: All Backups - Pruning d14 w4 m6 y* 
Fri 07 Jan 2022 03:45:05 AM CET: Total Backup Size 776K	/twio/backups
Fri 07 Jan 2022 03:45:05 AM CET: === TWIO BACKUP SCRIPT COMPLETE ===
Fri 07 Jan 2022 03:50:01 AM CET: === TWIO BACKUP SCRIPT STARTED ===
Fri 07 Jan 2022 03:50:01 AM CET: nextcloud - Creating /twio/backups/borg-nextcloud::2022-01-07T03:50:01-nextcloud
Fri 07 Jan 2022 03:50:02 AM CET: All Backups - Pruning d14 w4 m6 y* 
Fri 07 Jan 2022 03:50:04 AM CET: Total Backup Size 792K	/twio/backups
Fri 07 Jan 2022 03:50:04 AM CET: === TWIO BACKUP SCRIPT COMPLETE ===
Fri 07 Jan 2022 03:55:01 AM CET: === TWIO BACKUP SCRIPT STARTED ===
Fri 07 Jan 2022 03:55:02 AM CET: nextcloud - Creating /twio/backups/borg-nextcloud::2022-01-07T03:55:02-nextcloud
Fri 07 Jan 2022 03:55:03 AM CET: All Backups - Pruning d14 w4 m6 y* 
Fri 07 Jan 2022 03:55:05 AM CET: Total Backup Size 808K	/twio/backups
Fri 07 Jan 2022 03:55:05 AM CET: === TWIO BACKUP SCRIPT COMPLETE ===
Fri 07 Jan 2022 04:00:01 AM CET: === TWIO BACKUP SCRIPT STARTED ===
Fri 07 Jan 2022 04:00:01 AM CET: nextcloud - Creating /twio/backups/borg-nextcloud::2022-01-07T04:00:01-nextcloud
Fri 07 Jan 2022 04:00:02 AM CET: All Backups - Pruning d14 w4 m6 y* 
Fri 07 Jan 2022 04:00:04 AM CET: Total Backup Size 824K	/twio/backups
Fri 07 Jan 2022 04:00:04 AM CET: === TWIO BACKUP SCRIPT COMPLETE ===
Fri 07 Jan 2022 04:05:01 AM CET: === TWIO BACKUP SCRIPT STARTED ===
Fri 07 Jan 2022 04:05:01 AM CET: nextcloud - Creating /twio/backups/borg-nextcloud::2022-01-07T04:05:01-nextcloud
Fri 07 Jan 2022 04:05:02 AM CET: All Backups - Pruning d14 w4 m6 y* 
Fri 07 Jan 2022 04:05:04 AM CET: Total Backup Size 840K	/twio/backups
Fri 07 Jan 2022 04:05:04 AM CET: === TWIO BACKUP SCRIPT COMPLETE ===
Fri 07 Jan 2022 04:10:01 AM CET: === TWIO BACKUP SCRIPT STARTED ===
Fri 07 Jan 2022 04:10:02 AM CET: nextcloud - Creating /twio/backups/borg-nextcloud::2022-01-07T04:10:02-nextcloud
Fri 07 Jan 2022 04:10:03 AM CET: All Backups - Pruning d14 w4 m6 y* 
Fri 07 Jan 2022 04:10:04 AM CET: Total Backup Size 856K	/twio/backups
Fri 07 Jan 2022 04:10:04 AM CET: === TWIO BACKUP SCRIPT COMPLETE ===
Fri 07 Jan 2022 04:15:01 AM CET: === TWIO BACKUP SCRIPT STARTED ===
Fri 07 Jan 2022 04:15:02 AM CET: nextcloud - Creating /twio/backups/borg-nextcloud::2022-01-07T04:15:02-nextcloud
Fri 07 Jan 2022 04:15:03 AM CET: All Backups - Pruning d14 w4 m6 y* 
Fri 07 Jan 2022 04:15:05 AM CET: Total Backup Size 872K	/twio/backups
Fri 07 Jan 2022 04:15:05 AM CET: === TWIO BACKUP SCRIPT COMPLETE ===
Fri 07 Jan 2022 04:20:01 AM CET: === TWIO BACKUP SCRIPT STARTED ===
Fri 07 Jan 2022 04:20:01 AM CET: nextcloud - Creating /twio/backups/borg-nextcloud::2022-01-07T04:20:01-nextcloud
Fri 07 Jan 2022 04:20:02 AM CET: All Backups - Pruning d14 w4 m6 y* 
Fri 07 Jan 2022 04:20:04 AM CET: Total Backup Size 888K	/twio/backups
Fri 07 Jan 2022 04:20:04 AM CET: === TWIO BACKUP SCRIPT COMPLETE ===
Fri 07 Jan 2022 11:25:14 PM CET: === TWIO BACKUP SCRIPT STARTED ===
Fri 07 Jan 2022 11:25:15 PM CET: nextcloud - Creating /twio/backups/borg-nextcloud::2022-01-07T23:25:15-nextcloud
Fri 07 Jan 2022 11:25:16 PM CET: All Backups - Pruning d14 w4 m6 y* 
Fri 07 Jan 2022 11:25:17 PM CET: Total Backup Size 12K	/twio/backups
Fri 07 Jan 2022 11:25:17 PM CET: === TWIO BACKUP SCRIPT COMPLETE ===
Fri 07 Jan 2022 11:27:00 PM CET: === TWIO BACKUP SCRIPT STARTED ===
Fri 07 Jan 2022 11:27:00 PM CET: nextcloud - Creating /twio/backups/borg-nextcloud::2022-01-07T23:27:00-nextcloud
Fri 07 Jan 2022 11:27:00 PM CET: All Backups - Pruning d14 w4 m6 y* 
Fri 07 Jan 2022 11:27:02 PM CET: Total Backup Size 12K	/twio/backups
Fri 07 Jan 2022 11:27:02 PM CET: === TWIO BACKUP SCRIPT COMPLETE ===
